# JRE version: OpenJDK Runtime Environment Temurin-17.0.8.1+1 (17.0.8.1+1) (build 17.0.8.1+1)
# Java VM: OpenJDK 64-Bit Server VM Temurin-17.0.8.1+1 (17.0.8.1+1, mixed mode, sharing, tiered, compressed oops, compressed class ptrs, g1 gc, windows-amd64)
GC Precious Log:
 CPUs: 6 total, 6 available
 Memory: 7564M
 Large Page Support: Disabled
 NUMA Support: Disabled
 Compressed Oops: Enabled (32-bit)
 Heap Region Size: 1M
 Heap Min Capacity: 8M
 Heap Initial Capacity: 120M
 Heap Max Capacity: 1892M
 Pre-touch: Disabled
 Parallel Workers: 6
 Concurrent Workers: 2
 Concurrent Refinement Workers: 6
 Periodic GC: Disabled
Heap:
 garbage-first heap   total 445440K, used 321024K [0x0000000089c00000, 0x0000000100000000)
  region size 1024K, 5 young (5120K), 5 survivors (5120K)
 Metaspace       used 690K, committed 832K, reserved 1114112K
  class space    used 55K, committed 128K, reserved 1048576K
GC Heap History (19 events):
Event: 0.146 GC heap before
{Heap before GC invocations=0 (full 0):
 garbage-first heap   total 122880K, used 36864K [0x0000000089c00000, 0x0000000100000000)
  region size 1024K, 21 young (21504K), 0 survivors (0K)
 Metaspace       used 689K, committed 832K, reserved 1114112K
  class space    used 55K, committed 128K, reserved 1048576K
}
Event: 0.177 GC heap after
{Heap after GC invocations=1 (full 0):
 garbage-first heap   total 122880K, used 35512K [0x0000000089c00000, 0x0000000100000000)
  region size 1024K, 3 young (3072K), 3 survivors (3072K)
 Metaspace       used 689K, committed 832K, reserved 1114112K
  class space    used 55K, committed 128K, reserved 1048576K
}
Event: 0.183 GC heap before
{Heap before GC invocations=1 (full 0):
 garbage-first heap   total 122880K, used 45752K [0x0000000089c00000, 0x0000000100000000)
  region size 1024K, 6 young (6144K), 3 survivors (3072K)
 Metaspace       used 690K, committed 832K, reserved 1114112K
  class space    used 55K, committed 128K, reserved 1048576K
}
Event: 0.193 GC heap after
{Heap after GC invocations=2 (full 0):
 garbage-first heap   total 122880K, used 46080K [0x0000000089c00000, 0x0000000100000000)
  region size 1024K, 1 young (1024K), 1 survivors (1024K)
 Metaspace       used 690K, committed 832K, reserved 1114112K
  class space    used 55K, committed 128K, reserved 1048576K
}
Event: 0.195 GC heap before
{Heap before GC invocations=2 (full 0):
 garbage-first heap   total 122880K, used 51200K [0x0000000089c00000, 0x0000000100000000)
  region size 1024K, 6 young (6144K), 1 survivors (1024K)
 Metaspace       used 690K, committed 832K, reserved 1114112K
  class space    used 55K, committed 128K, reserved 1048576K
}
Event: 0.203 GC heap after
{Heap after GC invocations=3 (full 0):
 garbage-first heap   total 122880K, used 51712K [0x0000000089c00000, 0x0000000100000000)
  region size 1024K, 1 young (1024K), 1 survivors (1024K)
 Metaspace       used 690K, committed 832K, reserved 1114112K
  class space    used 55K, committed 128K, reserved 1048576K
}
Event: 0.204 GC heap before
{Heap before GC invocations=3 (full 0):
 garbage-first heap   total 122880K, used 52736K [0x0000000089c00000, 0x0000000100000000)
  region size 1024K, 3 young (3072K), 1 survivors (1024K)
 Metaspace       used 690K, committed 832K, reserved 1114112K
  class space    used 55K, committed 128K, reserved 1048576K
}
Event: 0.207 GC heap after
{Heap after GC invocations=4 (full 0):
 garbage-first heap   total 122880K, used 54272K [0x0000000089c00000, 0x0000000100000000)
  region size 1024K, 3 young (3072K), 3 survivors (3072K)
 Metaspace       used 690K, committed 832K, reserved 1114112K
  class space    used 55K, committed 128K, reserved 1048576K
}
Event: 0.220 GC heap before
{Heap before GC invocations=4 (full 0):
 garbage-first heap   total 122880K, used 78848K [0x0000000089c00000, 0x0000000100000000)
  region size 1024K, 17 young (17408K), 3 survivors (3072K)
 Metaspace       used 690K, committed 832K, reserved 1114112K
  class space    used 55K, committed 128K, reserved 1048576K
}
Event: 0.243 GC heap after
{Heap after GC invocations=5 (full 0):
 garbage-first heap   total 368640K, used 79864K [0x0000000089c00000, 0x0000000100000000)
  region size 1024K, 3 young (3072K), 3 survivors (3072K)
 Metaspace       used 690K, committed 832K, reserved 1114112K
  class space    used 55K, committed 128K, reserved 1048576K
}
Event: 0.294 GC heap before
{Heap before GC invocations=5 (full 0):
 garbage-first heap   total 368640K, used 155640K [0x0000000089c00000, 0x0000000100000000)
  region size 1024K, 37 young (37888K), 3 survivors (3072K)
 Metaspace       used 690K, committed 832K, reserved 1114112K
  class space    used 55K, committed 128K, reserved 1048576K
}
Event: 0.324 GC heap after
{Heap after GC invocations=6 (full 0):
 garbage-first heap   total 368640K, used 156381K [0x0000000089c00000, 0x0000000100000000)
  region size 1024K, 5 young (5120K), 5 survivors (5120K)
 Metaspace       used 690K, committed 832K, reserved 1114112K
  class space    used 55K, committed 128K, reserved 1048576K
}
Event: 0.333 GC heap before
{Heap before GC invocations=6 (full 0):
 garbage-first heap   total 368640K, used 174813K [0x0000000089c00000, 0x0000000100000000)
  region size 1024K, 24 young (24576K), 5 survivors (5120K)
 Metaspace       used 690K, committed 832K, reserved 1114112K
  class space    used 55K, committed 128K, reserved 1048576K
}
Event: 0.347 GC heap after
{Heap after GC invocations=7 (full 0):
 garbage-first heap   total 368640K, used 176640K [0x0000000089c00000, 0x0000000100000000)
  region size 1024K, 6 young (6144K), 6 survivors (6144K)
 Metaspace       used 690K, committed 832K, reserved 1114112K
  class space    used 55K, committed 128K, reserved 1048576K
}
Event: 0.407 GC heap before
{Heap before GC invocations=7 (full 0):
 garbage-first heap   total 368640K, used 257536K [0x0000000089c00000, 0x0000000100000000)
  region size 1024K, 49 young (50176K), 6 survivors (6144K)
 Metaspace       used 690K, committed 832K, reserved 1114112K
  class space    used 55K, committed 128K, reserved 1048576K
}
Event: 0.443 GC heap after
{Heap after GC invocations=8 (full 0):
 garbage-first heap   total 368640K, used 259072K [0x0000000089c00000, 0x0000000100000000)
  region size 1024K, 7 young (7168K), 7 survivors (7168K)
 Metaspace       used 690K, committed 832K, reserved 1114112K
  class space    used 55K, committed 128K, reserved 1048576K
}
Event: 0.613 GC heap before
{Heap before GC invocations=9 (full 0):
 garbage-first heap   total 445440K, used 283648K [0x0000000089c00000, 0x0000000100000000)
  region size 1024K, 28 young (28672K), 7 survivors (7168K)
 Metaspace       used 690K, committed 832K, reserved 1114112K
  class space    used 55K, committed 128K, reserved 1048576K
}
Event: 0.648 GC heap after
{Heap after GC invocations=10 (full 0):
 garbage-first heap   total 445440K, used 284672K [0x0000000089c00000, 0x0000000100000000)
  region size 1024K, 4 young (4096K), 4 survivors (4096K)
 Metaspace       used 690K, committed 832K, reserved 1114112K
  class space    used 55K, committed 128K, reserved 1048576K
}
Event: 0.689 GC heap before
{Heap before GC invocations=10 (full 0):
 garbage-first heap   total 445440K, used 319488K [0x0000000089c00000, 0x0000000100000000)
  region size 1024K, 38 young (38912K), 4 survivors (4096K)
 Metaspace       used 690K, committed 832K, reserved 1114112K
  class space    used 55K, committed 128K, reserved 1048576K
}

